<?xml version="1.0" encoding="UTF-8"?>
<!-- Generated by org.testng.reporters.JUnitReportReporter -->
<testsuite hostname="DIL-IND-QA08" failures="0" tests="1" name="com.AngelOne.Testcases.TestCase1" time="8.868" errors="0" timestamp="2022-09-08T15:40:31 IST" skipped="0">
  <testcase classname="com.AngelOne.Testcases.TestCase1" name="test1" time="8.868"/>
  <system-out/>
</testsuite> <!-- com.AngelOne.Testcases.TestCase1 -->
