<?xml version="1.0" encoding="UTF-8"?>
<!-- Generated by org.testng.reporters.JUnitReportReporter -->
<testsuite hostname="DIL-IND-QA08" failures="0" tests="1" name="com.nagarro.Testcases.TestCase1" time="18.399" errors="0" timestamp="2022-09-11T15:35:04 IST" skipped="0">
  <testcase classname="com.nagarro.Testcases.TestCase1" name="test1" time="18.399"/>
  <system-out/>
</testsuite> <!-- com.nagarro.Testcases.TestCase1 -->
